<?xml version="1.0" encoding="UTF-8"?>
<!-- Generated by org.testng.reporters.JUnitXMLReporter -->
<testsuite ignored="3" hostname="PT-PF3LKH6F" failures="0" tests="3" name="Default test" time="4.398" errors="0" timestamp="2024-03-19T01:41:22 WET">
  <testcase classname="com.nos.api.testcases.test" name="createNewUserNewMethod" time="3.224"/>
  <testcase classname="com.nos.api.testcases.test" name="updateUserNewMethod" time="0.805"/>
  <testcase classname="com.nos.api.testcases.test" name="deleteUser" time="0.321"/>
  <testcase classname="com.nos.api.testcases.test" name="getUser" time="0.0">
    <ignored/>
  </testcase> <!-- getUser -->
  <testcase classname="com.nos.api.testcases.test" name="createNewUser" time="0.0">
    <ignored/>
  </testcase> <!-- createNewUser -->
  <testcase classname="com.nos.api.testcases.test" name="getOneUser" time="0.0">
    <ignored/>
  </testcase> <!-- getOneUser -->
</testsuite> <!-- Default test -->
