<?xml version="1.0" encoding="UTF-8"?>
<!-- Generated by org.testng.reporters.JUnitXMLReporter -->
<testsuite ignored="0" hostname="PT-PF3LKH6F" failures="0" tests="4" name="Default test" time="6.671" errors="0" timestamp="2024-03-19T02:21:08 WET">
  <testcase classname="com.nos.api.testcases.ApiTest" name="createNewUser" time="4.362"/>
  <testcase classname="com.nos.api.testcases.ApiTest" name="getAllUser" time="0.74"/>
  <testcase classname="com.nos.api.testcases.ApiTest" name="updateUserNewMethod" time="0.745"/>
  <testcase classname="com.nos.api.testcases.ApiTest" name="deleteUser" time="0.769"/>
</testsuite> <!-- Default test -->
