<?xml version="1.0" encoding="UTF-8"?>
<!-- Generated by org.testng.reporters.JUnitXMLReporter -->
<testsuite ignored="0" hostname="PT-PF3LKH6F" failures="0" tests="4" name="Test" time="4.635" errors="0" timestamp="2024-03-19T02:24:12 WET">
  <testcase classname="com.nos.api.testcases.ApiTest" name="createNewUser" time="2.956"/>
  <testcase classname="com.nos.api.testcases.ApiTest" name="getAllUser" time="0.748"/>
  <testcase classname="com.nos.api.testcases.ApiTest" name="updateUserNewMethod" time="0.492"/>
  <testcase classname="com.nos.api.testcases.ApiTest" name="deleteUser" time="0.401"/>
</testsuite> <!-- Test -->
